{"/Users/ahmetzorlutuna/Desktop/Nimble/Real Project/index.js": {"path":"/Users/ahmetzorlutuna/Desktop/Nimble/Real Project/index.js","statementMap":{"0":{"start":{"line":1,"column":25},"end":{"line":1,"column":55}},"1":{"start":{"line":2,"column":22},"end":{"line":2,"column":49}},"2":{"start":{"line":3,"column":23},"end":{"line":3,"column":51}},"3":{"start":{"line":4,"column":20},"end":{"line":4,"column":45}},"4":{"start":{"line":5,"column":19},"end":{"line":5,"column":41}},"5":{"start":{"line":6,"column":16},"end":{"line":6,"column":34}},"6":{"start":{"line":7,"column":0},"end":{"line":7,"column":29}},"7":{"start":{"line":9,"column":12},"end":{"line":9,"column":21}},"8":{"start":{"line":10,"column":0},"end":{"line":10,"column":26}},"9":{"start":{"line":12,"column":0},"end":{"line":12,"column":28}},"10":{"start":{"line":13,"column":0},"end":{"line":13,"column":40}},"11":{"start":{"line":14,"column":0},"end":{"line":14,"column":34}},"12":{"start":{"line":15,"column":0},"end":{"line":15,"column":36}},"13":{"start":{"line":16,"column":0},"end":{"line":16,"column":25}},"14":{"start":{"line":20,"column":0},"end":{"line":20,"column":20}}},"fnMap":{},"branchMap":{},"s":{"0":2,"1":2,"2":2,"3":2,"4":2,"5":2,"6":2,"7":2,"8":2,"9":2,"10":2,"11":2,"12":2,"13":2,"14":2},"f":{},"b":{},"_coverageSchema":"1a1c01bbd47fc00a2c39e90264f33305004495a9","hash":"9dcb025add8b30a4234e457dba59629290e692e8"}
,"/Users/ahmetzorlutuna/Desktop/Nimble/Real Project/mongo-connection.js": {"path":"/Users/ahmetzorlutuna/Desktop/Nimble/Real Project/mongo-connection.js","statementMap":{"0":{"start":{"line":2,"column":17},"end":{"line":2,"column":36}},"1":{"start":{"line":4,"column":0},"end":{"line":4,"column":40}},"2":{"start":{"line":4,"column":22},"end":{"line":4,"column":38}},"3":{"start":{"line":7,"column":2},"end":{"line":7,"column":62}},"4":{"start":{"line":8,"column":2},"end":{"line":8,"column":36}}},"fnMap":{"0":{"name":"(anonymous_0)","decl":{"start":{"line":4,"column":13},"end":{"line":4,"column":14}},"loc":{"start":{"line":4,"column":22},"end":{"line":4,"column":38}},"line":4},"1":{"name":"main","decl":{"start":{"line":6,"column":15},"end":{"line":6,"column":19}},"loc":{"start":{"line":6,"column":22},"end":{"line":10,"column":1}},"line":6}},"branchMap":{},"s":{"0":2,"1":2,"2":0,"3":2,"4":2},"f":{"0":0,"1":2},"b":{},"_coverageSchema":"1a1c01bbd47fc00a2c39e90264f33305004495a9","hash":"4f3d5c94e9f35ed7d5d03eff34553b77ea674668"}
,"/Users/ahmetzorlutuna/Desktop/Nimble/Real Project/lib/print-booking-history.js": {"path":"/Users/ahmetzorlutuna/Desktop/Nimble/Real Project/lib/print-booking-history.js","statementMap":{"0":{"start":{"line":1,"column":15},"end":{"line":1,"column":32}},"1":{"start":{"line":4,"column":4},"end":{"line":6,"column":5}},"2":{"start":{"line":5,"column":8},"end":{"line":5,"column":82}},"3":{"start":{"line":7,"column":4},"end":{"line":7,"column":44}},"4":{"start":{"line":11,"column":4},"end":{"line":11,"column":184}},"5":{"start":{"line":15,"column":0},"end":{"line":15,"column":33}}},"fnMap":{"0":{"name":"printAllBookings","decl":{"start":{"line":3,"column":9},"end":{"line":3,"column":25}},"loc":{"start":{"line":3,"column":37},"end":{"line":8,"column":1}},"line":3},"1":{"name":"printBooking","decl":{"start":{"line":10,"column":9},"end":{"line":10,"column":21}},"loc":{"start":{"line":10,"column":31},"end":{"line":12,"column":1}},"line":10}},"branchMap":{"0":{"loc":{"start":{"line":4,"column":4},"end":{"line":6,"column":5}},"type":"if","locations":[{"start":{"line":4,"column":4},"end":{"line":6,"column":5}},{"start":{},"end":{}}],"line":4}},"s":{"0":1,"1":2,"2":1,"3":1,"4":1,"5":1},"f":{"0":2,"1":1},"b":{"0":[1,1]},"_coverageSchema":"1a1c01bbd47fc00a2c39e90264f33305004495a9","hash":"6bb025542edde6138ae08926d9c9e87b91e40f14"}
}
