TN:
SF:index.js
FNF:0
FNH:0
DA:1,2
DA:2,2
DA:3,2
DA:4,2
DA:5,2
DA:6,2
DA:7,2
DA:9,2
DA:10,2
DA:12,2
DA:13,2
DA:14,2
DA:15,2
DA:16,2
DA:20,2
LF:15
LH:15
BRF:0
BRH:0
end_of_record
TN:
SF:mongo-connection.js
FN:4,(anonymous_0)
FN:6,main
FNF:2
FNH:1
FNDA:0,(anonymous_0)
FNDA:2,main
DA:2,2
DA:4,2
DA:7,2
DA:8,2
LF:4
LH:4
BRF:0
BRH:0
end_of_record
TN:
SF:lib/print-booking-history.js
FN:3,printAllBookings
FN:10,printBooking
FNF:2
FNH:2
FNDA:2,printAllBookings
FNDA:1,printBooking
DA:1,1
DA:4,2
DA:5,1
DA:7,1
DA:11,1
DA:15,1
LF:6
LH:6
BRDA:4,0,0,1
BRDA:4,0,1,1
BRF:2
BRH:2
end_of_record
